[debug] [2017-06-04T15:37:51.984Z] ----------------------------------------------------------------------
[debug] [2017-06-04T15:37:51.986Z] Command:      C:\Program Files\nodejs\node.exe C:\Users\senok\AppData\Roaming\npm\node_modules\firebase-tools\bin\firebase serve
[debug] [2017-06-04T15:37:51.987Z] CLI Version:  3.9.1
[debug] [2017-06-04T15:37:51.987Z] Platform:     win32
[debug] [2017-06-04T15:37:51.987Z] Node Version: v6.9.2
[debug] [2017-06-04T15:37:51.987Z] Time:         Sun Jun 04 2017 18:37:51 GMT+0300 (Turkey Standard Time)
[debug] [2017-06-04T15:37:51.987Z] ----------------------------------------------------------------------
[debug] 
[debug] [2017-06-04T15:37:51.999Z] > command requires scopes: ["email","openid","https://www.googleapis.com/auth/cloudplatformprojects.readonly","https://www.googleapis.com/auth/firebase","https://www.googleapis.com/auth/cloud-platform"]
[debug] [2017-06-04T15:37:52.000Z] > authorizing via signed-in user
[debug] [2017-06-04T15:37:52.001Z] >>> HTTP REQUEST GET https://admin.firebase.com/v1/projects/online-editor-c9956  
 Sun Jun 04 2017 18:37:52 GMT+0300 (Turkey Standard Time)
[debug] [2017-06-04T15:37:53.520Z] <<< HTTP RESPONSE 200
[debug] [2017-06-04T15:37:53.520Z] >>> HTTP REQUEST GET https://admin.firebase.com/v1/database/online-editor-c9956/tokens  
 Sun Jun 04 2017 18:37:53 GMT+0300 (Turkey Standard Time)
[debug] [2017-06-04T15:37:54.290Z] <<< HTTP RESPONSE 200
[info] 
[info] === Serving from 'D:\projects\online-editor'...
[info] 
[debug] [2017-06-04T15:37:54.294Z] >>> HTTP REQUEST GET https://cloudresourcemanager.googleapis.com/v1/projects/online-editor-c9956  
 Sun Jun 04 2017 18:37:54 GMT+0300 (Turkey Standard Time)
[debug] [2017-06-04T15:37:55.570Z] <<< HTTP RESPONSE 200
[debug] [2017-06-04T15:37:55.571Z] >>> HTTP REQUEST GET https://mobilesdk-pa.googleapis.com/v1/projects/243603094524/clients/_:getWebAppConfig  
 Sun Jun 04 2017 18:37:55 GMT+0300 (Turkey Standard Time)
[debug] [2017-06-04T15:37:56.490Z] <<< HTTP RESPONSE 200
[warn] !  hosting: Port 5000 is not available. Trying another port...
[debug] [2017-06-04T15:37:56.523Z] >>> HTTP REQUEST GET https://cloudresourcemanager.googleapis.com/v1/projects/online-editor-c9956  
 Sun Jun 04 2017 18:37:56 GMT+0300 (Turkey Standard Time)
[debug] [2017-06-04T15:37:57.442Z] <<< HTTP RESPONSE 200
[debug] [2017-06-04T15:37:57.442Z] >>> HTTP REQUEST GET https://mobilesdk-pa.googleapis.com/v1/projects/243603094524/clients/_:getWebAppConfig  
 Sun Jun 04 2017 18:37:57 GMT+0300 (Turkey Standard Time)
[debug] [2017-06-04T15:37:58.076Z] <<< HTTP RESPONSE 200
[info] i  hosting: Serving hosting files from: public
[info] +  hosting: Local server: http://localhost:5004

